<?xml version="1.0" encoding="UTF-8"?>
<testsuite name="CellTypesTest" tests="7" skipped="0" failures="0" errors="0" timestamp="2024-05-31T03:27:46" hostname="Toms-New-MacBook-Air.local" time="0.01">
  <properties/>
  <testcase name="testEntrance()" classname="CellTypesTest" time="0.001"/>
  <testcase name="testEmpty()" classname="CellTypesTest" time="0.001"/>
  <testcase name="testExit()" classname="CellTypesTest" time="0.001"/>
  <testcase name="testTrap()" classname="CellTypesTest" time="0.002"/>
  <testcase name="testMedicalUnit()" classname="CellTypesTest" time="0.001"/>
  <testcase name="testMutant()" classname="CellTypesTest" time="0.001"/>
  <testcase name="testTreasure()" classname="CellTypesTest" time="0.001"/>
  <system-out><![CDATA[]]></system-out>
  <system-err><![CDATA[]]></system-err>
</testsuite>
