<?xml version="1.0" encoding="UTF-8"?>
<testsuite name="PersonTest" tests="4" skipped="0" failures="0" errors="0" timestamp="2024-05-31T03:27:46" hostname="Toms-New-MacBook-Air.local" time="0.002">
  <properties/>
  <testcase name="testMoveX()" classname="PersonTest" time="0.001"/>
  <testcase name="testMoveY()" classname="PersonTest" time="0.0"/>
  <testcase name="testHeal()" classname="PersonTest" time="0.001"/>
  <testcase name="testTakeDamage()" classname="PersonTest" time="0.0"/>
  <system-out><![CDATA[]]></system-out>
  <system-err><![CDATA[]]></system-err>
</testsuite>
