<?xml version="1.0" encoding="UTF-8"?>
<testsuite name="LeaderboardTest" tests="3" skipped="0" failures="0" errors="0" timestamp="2024-05-31T03:27:46" hostname="Toms-New-MacBook-Air.local" time="0.018">
  <properties/>
  <testcase name="testAddScore()" classname="LeaderboardTest" time="0.008"/>
  <testcase name="testGetTopScores()" classname="LeaderboardTest" time="0.002"/>
  <testcase name="testReloadScores()" classname="LeaderboardTest" time="0.007"/>
  <system-out><![CDATA[]]></system-out>
  <system-err><![CDATA[]]></system-err>
</testsuite>
