<?xml version="1.0" encoding="UTF-8"?>
<testsuite name="CellTest" tests="3" skipped="0" failures="0" errors="0" timestamp="2024-05-31T03:27:45" hostname="Toms-New-MacBook-Air.local" time="0.172">
  <properties/>
  <testcase name="testInitialState()" classname="CellTest" time="0.168"/>
  <testcase name="testSetPlayer()" classname="CellTest" time="0.0"/>
  <testcase name="testSetType()" classname="CellTest" time="0.002"/>
  <system-out><![CDATA[]]></system-out>
  <system-err><![CDATA[]]></system-err>
</testsuite>
